Using pre-set license
Built from '2020.3/staging' branch; Version is '2020.3.4f1 (0abb6314276a) revision 703331'; Using compiler version '192528614'; Build Type 'Release'
OS: 'Windows 10 Enterprise 2016 LTSB; OS build 14393.4046; Version 1607; 64bit' Language: 'ru' Physical Memory: 8088 MB
BatchMode: 1, IsHumanControllingUs: 0, StartBugReporterOnCrash: 0, Is64bit: 1, IsPro: 0

 COMMAND LINE ARGUMENTS:
C:\Program Files\Unity\Hub\Editor\2020.3.4f1\Editor\Unity.exe
-adb2
-batchMode
-noUpm
-name
AssetImportWorker0
-projectPath
D:/UnityProjects/TopDownShooter
-logFile
Logs/AssetImportWorker0.log
-srvPort
57853
Successfully changed project path to: D:/UnityProjects/TopDownShooter
D:/UnityProjects/TopDownShooter
Using Asset Import Pipeline V2.
Refreshing native plugins compatible for Editor in 92.96 ms, found 1 plugins.
Preloading 0 native plugins for Editor in 0.00 ms.
Initialize engine version: 2020.3.4f1 (0abb6314276a)
[Subsystems] Discovering subsystems at path C:/Program Files/Unity/Hub/Editor/2020.3.4f1/Editor/Data/Resources/UnitySubsystems
[Subsystems] Discovering subsystems at path D:/UnityProjects/TopDownShooter/Assets
GfxDevice: creating device client; threaded=0
Direct3D:
    Version:  Direct3D 11.0 [level 11.0]
    Renderer: Intel(R) HD Graphics 3000 (ID=0x116)
    Vendor:   
    VRAM:     1036 MB
    Driver:   9.17.10.4459
Initialize mono
Mono path[0] = 'C:/Program Files/Unity/Hub/Editor/2020.3.4f1/Editor/Data/Managed'
Mono path[1] = 'C:/Program Files/Unity/Hub/Editor/2020.3.4f1/Editor/Data/MonoBleedingEdge/lib/mono/unityjit'
Mono config path = 'C:/Program Files/Unity/Hub/Editor/2020.3.4f1/Editor/Data/MonoBleedingEdge/etc'
Using monoOptions --debugger-agent=transport=dt_socket,embedding=1,server=y,suspend=n,address=127.0.0.1:56900
Begin MonoManager ReloadAssembly
Registering precompiled unity dll's ...
Register platform support module: C:/Program Files/Unity/Hub/Editor/2020.3.4f1/Editor/Data/PlaybackEngines/WebGLSupport/UnityEditor.WebGL.Extensions.dll
Register platform support module: C:/Program Files/Unity/Hub/Editor/2020.3.4f1/Editor/Data/PlaybackEngines/WindowsStandaloneSupport/UnityEditor.WindowsStandalone.Extensions.dll
Registered in 0.003097 seconds.
Native extension for WindowsStandalone target not found
Native extension for WebGL target not found
Refreshing native plugins compatible for Editor in 84.48 ms, found 1 plugins.
Preloading 0 native plugins for Editor in 0.00 ms.
Mono: successfully reloaded assembly
- Completed reload, in  5.693 seconds
Platform modules already initialized, skipping
Registering precompiled user dll's ...
Registered in 0.003491 seconds.
Begin MonoManager ReloadAssembly
Native extension for WindowsStandalone target not found
Native extension for WebGL target not found
Refreshing native plugins compatible for Editor in 81.60 ms, found 1 plugins.
Preloading 0 native plugins for Editor in 0.00 ms.
Mono: successfully reloaded assembly
- Completed reload, in  1.976 seconds
Platform modules already initialized, skipping
========================================================================
Worker process is ready to serve import requests
Launched and connected shader compiler UnityShaderCompiler.exe after 0.08 seconds
Refreshing native plugins compatible for Editor in 0.89 ms, found 1 plugins.
Preloading 0 native plugins for Editor in 0.00 ms.
Unloading 1808 Unused Serialized files (Serialized files now loaded: 0)
System memory in use before: 84.9 MB.
System memory in use after: 84.8 MB.

Unloading 24 unused Assets to reduce memory usage. Loaded Objects now: 2250.
Total: 5.930800 ms (FindLiveObjects: 0.493973 ms CreateObjectMapping: 0.226237 ms MarkObjects: 4.804524 ms  DeleteObjects: 0.398481 ms)

========================================================================
Received Import Request.
  path: Assets/player.png
  artifactKey: Guid(e772c88a8c4a0f44b8a91a37759912e2) Importer(815301076,1909f56bfc062723c751e8b465ee728b)
Start importing Assets/player.png using Guid(e772c88a8c4a0f44b8a91a37759912e2) Importer(815301076,1909f56bfc062723c751e8b465ee728b)  -> (artifact id: '143a94a7c9dce815976ef7200b2ab4f1') in 0.429808 seconds
  Import took 0.437692 seconds .

========================================================================
Received Import Request.
  Time since last request: 46.470989 seconds.
  path: Assets/player.png
  artifactKey: Guid(e772c88a8c4a0f44b8a91a37759912e2) Importer(815301076,1909f56bfc062723c751e8b465ee728b)
Start importing Assets/player.png using Guid(e772c88a8c4a0f44b8a91a37759912e2) Importer(815301076,1909f56bfc062723c751e8b465ee728b)  -> (artifact id: 'b3b098d7510efd742d804b141a950f34') in 0.023199 seconds
  Import took 0.031848 seconds .

========================================================================
Received Import Request.
  Time since last request: 0.008149 seconds.
  path: Assets/player.png
  artifactKey: Guid(e772c88a8c4a0f44b8a91a37759912e2) Importer(815301076,1909f56bfc062723c751e8b465ee728b)
Start importing Assets/player.png using Guid(e772c88a8c4a0f44b8a91a37759912e2) Importer(815301076,1909f56bfc062723c751e8b465ee728b)  -> (artifact id: 'b3b098d7510efd742d804b141a950f34') in 0.022500 seconds
  Import took 0.030500 seconds .

========================================================================
Received Import Request.
  Time since last request: 209.816636 seconds.
  path: Assets/boss.PNG
  artifactKey: Guid(6c8006a350b96304897b3e594ef352e5) Importer(815301076,1909f56bfc062723c751e8b465ee728b)
Start importing Assets/boss.PNG using Guid(6c8006a350b96304897b3e594ef352e5) Importer(815301076,1909f56bfc062723c751e8b465ee728b)  -> (artifact id: 'b31246a2e54074c8a81f28179a9bf54d') in 0.124067 seconds
  Import took 0.131019 seconds .

========================================================================
Received Import Request.
  Time since last request: 88.230042 seconds.
  path: Assets/boss.PNG
  artifactKey: Guid(6c8006a350b96304897b3e594ef352e5) Importer(815301076,1909f56bfc062723c751e8b465ee728b)
Start importing Assets/boss.PNG using Guid(6c8006a350b96304897b3e594ef352e5) Importer(815301076,1909f56bfc062723c751e8b465ee728b)  -> (artifact id: 'f2a4a62dcbdafb7fe6ce9907502a6e4a') in 0.035184 seconds
  Import took 0.043417 seconds .

========================================================================
Received Import Request.
  Time since last request: 98.454068 seconds.
  path: Assets/bullet.PNG
  artifactKey: Guid(142ec2e31c472b949a5237f22d5e872f) Importer(815301076,1909f56bfc062723c751e8b465ee728b)
Start importing Assets/bullet.PNG using Guid(142ec2e31c472b949a5237f22d5e872f) Importer(815301076,1909f56bfc062723c751e8b465ee728b)  -> (artifact id: '2a6cd626e3d3932b2575e1a440cbc585') in 0.035136 seconds
  Import took 0.043642 seconds .

========================================================================
Received Import Request.
  Time since last request: 50.003900 seconds.
  path: Assets/bullet.PNG
  artifactKey: Guid(142ec2e31c472b949a5237f22d5e872f) Importer(815301076,1909f56bfc062723c751e8b465ee728b)
Start importing Assets/bullet.PNG using Guid(142ec2e31c472b949a5237f22d5e872f) Importer(815301076,1909f56bfc062723c751e8b465ee728b)  -> (artifact id: '775e59b7793ae04569af9e0c52e75530') in 0.019603 seconds
  Import took 0.029158 seconds .

========================================================================
Received Import Request.
  Time since last request: 10.384299 seconds.
  path: Assets
  artifactKey: Guid(00000000000000001000000000000000) Importer(815301076,1909f56bfc062723c751e8b465ee728b)
Start importing Assets using Guid(00000000000000001000000000000000) Importer(815301076,1909f56bfc062723c751e8b465ee728b)  -> (artifact id: '025e4f587c23674256bb898581e82961') in 0.004351 seconds
  Import took 0.010776 seconds .

========================================================================
Received Import Request.
  Time since last request: 69.090107 seconds.
  path: Assets/block.PNG
  artifactKey: Guid(5a29fe8a85e6a3e4882c8b7e74a2ff18) Importer(815301076,1909f56bfc062723c751e8b465ee728b)
Start importing Assets/block.PNG using Guid(5a29fe8a85e6a3e4882c8b7e74a2ff18) Importer(815301076,1909f56bfc062723c751e8b465ee728b)  -> (artifact id: '2534539039020ce7c116dc5f46008bd7') in 0.029286 seconds
  Import took 0.037759 seconds .

========================================================================
Received Import Request.
  Time since last request: 62.765646 seconds.
  path: Assets/block.PNG
  artifactKey: Guid(5a29fe8a85e6a3e4882c8b7e74a2ff18) Importer(815301076,1909f56bfc062723c751e8b465ee728b)
Start importing Assets/block.PNG using Guid(5a29fe8a85e6a3e4882c8b7e74a2ff18) Importer(815301076,1909f56bfc062723c751e8b465ee728b)  -> (artifact id: '665e46520865d33125773f69fc511115') in 0.022403 seconds
  Import took 0.029874 seconds .

========================================================================
Received Import Request.
  Time since last request: 0.011980 seconds.
  path: Assets/block.PNG
  artifactKey: Guid(5a29fe8a85e6a3e4882c8b7e74a2ff18) Importer(815301076,1909f56bfc062723c751e8b465ee728b)
Start importing Assets/block.PNG using Guid(5a29fe8a85e6a3e4882c8b7e74a2ff18) Importer(815301076,1909f56bfc062723c751e8b465ee728b)  -> (artifact id: '665e46520865d33125773f69fc511115') in 0.022835 seconds
  Import took 0.030217 seconds .

========================================================================
Received Import Request.
  Time since last request: 50.581375 seconds.
  path: Assets/bullet 1.PNG
  artifactKey: Guid(9998cee75e73dfb4282f1a516c58d402) Importer(815301076,1909f56bfc062723c751e8b465ee728b)
Start importing Assets/bullet 1.PNG using Guid(9998cee75e73dfb4282f1a516c58d402) Importer(815301076,1909f56bfc062723c751e8b465ee728b)  -> (artifact id: '0e698da78c7510c66db84734b887cad9') in 0.019057 seconds
  Import took 0.027880 seconds .

========================================================================
Received Import Request.
  Time since last request: 0.005220 seconds.
  path: Assets/bullet 1.PNG
  artifactKey: Guid(9998cee75e73dfb4282f1a516c58d402) Importer(815301076,1909f56bfc062723c751e8b465ee728b)
Start importing Assets/bullet 1.PNG using Guid(9998cee75e73dfb4282f1a516c58d402) Importer(815301076,1909f56bfc062723c751e8b465ee728b)  -> (artifact id: '0e698da78c7510c66db84734b887cad9') in 0.018589 seconds
  Import took 0.026490 seconds .

========================================================================
Received Import Request.
  Time since last request: 32.539052 seconds.
  path: Assets/bullet 1.PNG
  artifactKey: Guid(9998cee75e73dfb4282f1a516c58d402) Importer(815301076,1909f56bfc062723c751e8b465ee728b)
Start importing Assets/bullet 1.PNG using Guid(9998cee75e73dfb4282f1a516c58d402) Importer(815301076,1909f56bfc062723c751e8b465ee728b)  -> (artifact id: 'bd76baa6c0836b24fd5239380e255b3c') in 0.023497 seconds
  Import took 0.030619 seconds .

========================================================================
Received Import Request.
  Time since last request: 10.332430 seconds.
  path: Assets/PlayerBullet.PNG
  artifactKey: Guid(9998cee75e73dfb4282f1a516c58d402) Importer(815301076,1909f56bfc062723c751e8b465ee728b)
Start importing Assets/PlayerBullet.PNG using Guid(9998cee75e73dfb4282f1a516c58d402) Importer(815301076,1909f56bfc062723c751e8b465ee728b)  -> (artifact id: '7780c6fcc2862f2bea06381ddd5f2de2') in 0.020477 seconds
  Import took 0.027425 seconds .

========================================================================
Received Import Request.
  Time since last request: 0.011526 seconds.
  path: Assets/PlayerBullet.PNG
  artifactKey: Guid(9998cee75e73dfb4282f1a516c58d402) Importer(815301076,1909f56bfc062723c751e8b465ee728b)
Start importing Assets/PlayerBullet.PNG using Guid(9998cee75e73dfb4282f1a516c58d402) Importer(815301076,1909f56bfc062723c751e8b465ee728b)  -> (artifact id: '7780c6fcc2862f2bea06381ddd5f2de2') in 0.018674 seconds
  Import took 0.027147 seconds .

========================================================================
Received Import Request.
  Time since last request: 5.358554 seconds.
  path: Assets/Bossbullet.PNG
  artifactKey: Guid(142ec2e31c472b949a5237f22d5e872f) Importer(815301076,1909f56bfc062723c751e8b465ee728b)
Start importing Assets/Bossbullet.PNG using Guid(142ec2e31c472b949a5237f22d5e872f) Importer(815301076,1909f56bfc062723c751e8b465ee728b)  -> (artifact id: '56d95f64680f87c443386f7ee6c9568b') in 0.021974 seconds
  Import took 0.029967 seconds .

========================================================================
Received Import Request.
  Time since last request: 0.008135 seconds.
  path: Assets/Bossbullet.PNG
  artifactKey: Guid(142ec2e31c472b949a5237f22d5e872f) Importer(815301076,1909f56bfc062723c751e8b465ee728b)
Start importing Assets/Bossbullet.PNG using Guid(142ec2e31c472b949a5237f22d5e872f) Importer(815301076,1909f56bfc062723c751e8b465ee728b)  -> (artifact id: '56d95f64680f87c443386f7ee6c9568b') in 0.020279 seconds
  Import took 0.025612 seconds .

========================================================================
Received Import Request.
  Time since last request: 7.877247 seconds.
  path: Assets/assets
  artifactKey: Guid(3ec4ef9e42a7bd044a9805a7cef973da) Importer(815301076,1909f56bfc062723c751e8b465ee728b)
Start importing Assets/assets using Guid(3ec4ef9e42a7bd044a9805a7cef973da) Importer(815301076,1909f56bfc062723c751e8b465ee728b)  -> (artifact id: '3bc7eb9531499aa98cdcef0c77d13bec') in 0.004678 seconds
  Import took 0.013651 seconds .

========================================================================
Received Prepare
Registering precompiled user dll's ...
Registered in 0.002828 seconds.
Begin MonoManager ReloadAssembly
Native extension for WindowsStandalone target not found
Native extension for WebGL target not found
Refreshing native plugins compatible for Editor in 0.71 ms, found 1 plugins.
Preloading 0 native plugins for Editor in 0.00 ms.
Mono: successfully reloaded assembly
- Completed reload, in  4.444 seconds
Platform modules already initialized, skipping
Refreshing native plugins compatible for Editor in 0.78 ms, found 1 plugins.
Preloading 0 native plugins for Editor in 0.00 ms.
Unloading 1804 Unused Serialized files (Serialized files now loaded: 0)
System memory in use before: 87.9 MB.
System memory in use after: 87.9 MB.

Unloading 12 unused Assets to reduce memory usage. Loaded Objects now: 2267.
Total: 5.622457 ms (FindLiveObjects: 0.670679 ms CreateObjectMapping: 0.573848 ms MarkObjects: 4.078513 ms  DeleteObjects: 0.292725 ms)

========================================================================
Received Import Request.
  Time since last request: 163.183817 seconds.
  path: Assets/scripts
  artifactKey: Guid(174767bd27ddd3f448d5606fbe7bdfb0) Importer(815301076,1909f56bfc062723c751e8b465ee728b)
Start importing Assets/scripts using Guid(174767bd27ddd3f448d5606fbe7bdfb0) Importer(815301076,1909f56bfc062723c751e8b465ee728b)  -> (artifact id: 'fc7c4f224c1fed1435f4c04729c5a978') in 0.020247 seconds
  Import took 0.034881 seconds .

========================================================================
Received Import Request.
  Time since last request: 2.693707 seconds.
  path: Assets/PlayerMove.cs
  artifactKey: Guid(be434bdaa3353c047b6fefd774a5e2ac) Importer(815301076,1909f56bfc062723c751e8b465ee728b)
Start importing Assets/PlayerMove.cs using Guid(be434bdaa3353c047b6fefd774a5e2ac) Importer(815301076,1909f56bfc062723c751e8b465ee728b)  -> (artifact id: '5eff96e201c4654556e63a6f7c663846') in 0.017267 seconds
  Import took 0.024394 seconds .

========================================================================
Received Prepare
Registering precompiled user dll's ...
Registered in 0.002612 seconds.
Begin MonoManager ReloadAssembly
Native extension for WindowsStandalone target not found
Native extension for WebGL target not found
Refreshing native plugins compatible for Editor in 0.73 ms, found 1 plugins.
Preloading 0 native plugins for Editor in 0.00 ms.
Mono: successfully reloaded assembly
- Completed reload, in  1.799 seconds
Platform modules already initialized, skipping
Refreshing native plugins compatible for Editor in 1.04 ms, found 1 plugins.
Preloading 0 native plugins for Editor in 0.00 ms.
Unloading 1804 Unused Serialized files (Serialized files now loaded: 0)
System memory in use before: 88.0 MB.
System memory in use after: 88.0 MB.

Unloading 12 unused Assets to reduce memory usage. Loaded Objects now: 2271.
Total: 5.663510 ms (FindLiveObjects: 0.377062 ms CreateObjectMapping: 0.110664 ms MarkObjects: 4.867888 ms  DeleteObjects: 0.305665 ms)

========================================================================
Received Prepare
Registering precompiled user dll's ...
Registered in 0.010045 seconds.
Begin MonoManager ReloadAssembly
Native extension for WindowsStandalone target not found
Native extension for WebGL target not found
Refreshing native plugins compatible for Editor in 0.66 ms, found 1 plugins.
Preloading 0 native plugins for Editor in 0.00 ms.
Mono: successfully reloaded assembly
- Completed reload, in  2.490 seconds
Platform modules already initialized, skipping
Refreshing native plugins compatible for Editor in 1.05 ms, found 1 plugins.
Preloading 0 native plugins for Editor in 0.00 ms.
Unloading 1804 Unused Serialized files (Serialized files now loaded: 0)
System memory in use before: 88.0 MB.
System memory in use after: 88.0 MB.

Unloading 12 unused Assets to reduce memory usage. Loaded Objects now: 2275.
Total: 4.904032 ms (FindLiveObjects: 0.252564 ms CreateObjectMapping: 0.128513 ms MarkObjects: 4.230230 ms  DeleteObjects: 0.289601 ms)

========================================================================
Received Prepare
Registering precompiled user dll's ...
Registered in 0.002301 seconds.
Begin MonoManager ReloadAssembly
Native extension for WindowsStandalone target not found
Native extension for WebGL target not found
Refreshing native plugins compatible for Editor in 0.66 ms, found 1 plugins.
Preloading 0 native plugins for Editor in 0.00 ms.
Mono: successfully reloaded assembly
- Completed reload, in  1.876 seconds
Platform modules already initialized, skipping
Refreshing native plugins compatible for Editor in 0.92 ms, found 1 plugins.
Preloading 0 native plugins for Editor in 0.00 ms.
Unloading 1804 Unused Serialized files (Serialized files now loaded: 0)
System memory in use before: 88.0 MB.
System memory in use after: 88.0 MB.

Unloading 12 unused Assets to reduce memory usage. Loaded Objects now: 2279.
Total: 3.535901 ms (FindLiveObjects: 0.238285 ms CreateObjectMapping: 0.101293 ms MarkObjects: 2.990166 ms  DeleteObjects: 0.204372 ms)

========================================================================
Received Prepare
Registering precompiled user dll's ...
Registered in 0.002405 seconds.
Begin MonoManager ReloadAssembly
Native extension for WindowsStandalone target not found
Native extension for WebGL target not found
Refreshing native plugins compatible for Editor in 1.39 ms, found 1 plugins.
Preloading 0 native plugins for Editor in 0.00 ms.
Mono: successfully reloaded assembly
- Completed reload, in  2.071 seconds
Platform modules already initialized, skipping
Refreshing native plugins compatible for Editor in 1.32 ms, found 1 plugins.
Preloading 0 native plugins for Editor in 0.00 ms.
Unloading 1804 Unused Serialized files (Serialized files now loaded: 0)
System memory in use before: 88.0 MB.
System memory in use after: 88.0 MB.

Unloading 12 unused Assets to reduce memory usage. Loaded Objects now: 2283.
Total: 5.992826 ms (FindLiveObjects: 0.427485 ms CreateObjectMapping: 0.220882 ms MarkObjects: 5.045040 ms  DeleteObjects: 0.295402 ms)

========================================================================
Received Prepare
Registering precompiled user dll's ...
Registered in 0.003220 seconds.
Begin MonoManager ReloadAssembly
Native extension for WindowsStandalone target not found
Native extension for WebGL target not found
Refreshing native plugins compatible for Editor in 0.70 ms, found 1 plugins.
Preloading 0 native plugins for Editor in 0.00 ms.
Mono: successfully reloaded assembly
- Completed reload, in  2.002 seconds
Platform modules already initialized, skipping
Refreshing native plugins compatible for Editor in 0.92 ms, found 1 plugins.
Preloading 0 native plugins for Editor in 0.00 ms.
Unloading 1804 Unused Serialized files (Serialized files now loaded: 0)
System memory in use before: 88.0 MB.
System memory in use after: 88.0 MB.

Unloading 12 unused Assets to reduce memory usage. Loaded Objects now: 2287.
Total: 5.475203 ms (FindLiveObjects: 0.429270 ms CreateObjectMapping: 0.138330 ms MarkObjects: 4.532325 ms  DeleteObjects: 0.372153 ms)

========================================================================
Received Prepare
Registering precompiled user dll's ...
Registered in 0.004332 seconds.
Begin MonoManager ReloadAssembly
Native extension for WindowsStandalone target not found
Native extension for WebGL target not found
Refreshing native plugins compatible for Editor in 0.69 ms, found 1 plugins.
Preloading 0 native plugins for Editor in 0.00 ms.
Mono: successfully reloaded assembly
- Completed reload, in  2.474 seconds
Platform modules already initialized, skipping
Refreshing native plugins compatible for Editor in 0.71 ms, found 1 plugins.
Preloading 0 native plugins for Editor in 0.00 ms.
Unloading 1804 Unused Serialized files (Serialized files now loaded: 0)
System memory in use before: 88.1 MB.
System memory in use after: 88.0 MB.

Unloading 12 unused Assets to reduce memory usage. Loaded Objects now: 2291.
Total: 13.343073 ms (FindLiveObjects: 0.573401 ms CreateObjectMapping: 0.126728 ms MarkObjects: 4.656376 ms  DeleteObjects: 7.982997 ms)

========================================================================
Received Prepare
Registering precompiled user dll's ...
Registered in 0.003229 seconds.
Begin MonoManager ReloadAssembly
Native extension for WindowsStandalone target not found
Native extension for WebGL target not found
Refreshing native plugins compatible for Editor in 0.66 ms, found 1 plugins.
Preloading 0 native plugins for Editor in 0.00 ms.
Mono: successfully reloaded assembly
- Completed reload, in  2.261 seconds
Platform modules already initialized, skipping
Refreshing native plugins compatible for Editor in 1.13 ms, found 1 plugins.
Preloading 0 native plugins for Editor in 0.00 ms.
Unloading 1804 Unused Serialized files (Serialized files now loaded: 0)
System memory in use before: 88.1 MB.
System memory in use after: 88.0 MB.

Unloading 12 unused Assets to reduce memory usage. Loaded Objects now: 2295.
Total: 5.605947 ms (FindLiveObjects: 0.353858 ms CreateObjectMapping: 0.145024 ms MarkObjects: 4.843792 ms  DeleteObjects: 0.259704 ms)

========================================================================
Received Prepare
Registering precompiled user dll's ...
Registered in 0.002417 seconds.
Begin MonoManager ReloadAssembly
Native extension for WindowsStandalone target not found
Native extension for WebGL target not found
Refreshing native plugins compatible for Editor in 0.75 ms, found 1 plugins.
Preloading 0 native plugins for Editor in 0.00 ms.
Mono: successfully reloaded assembly
- Completed reload, in  1.940 seconds
Platform modules already initialized, skipping
Refreshing native plugins compatible for Editor in 0.87 ms, found 1 plugins.
Preloading 0 native plugins for Editor in 0.00 ms.
Unloading 1804 Unused Serialized files (Serialized files now loaded: 0)
System memory in use before: 88.1 MB.
System memory in use after: 88.0 MB.

Unloading 12 unused Assets to reduce memory usage. Loaded Objects now: 2299.
Total: 4.224429 ms (FindLiveObjects: 0.282908 ms CreateObjectMapping: 0.102632 ms MarkObjects: 3.632286 ms  DeleteObjects: 0.203479 ms)

========================================================================
Received Prepare
Registering precompiled user dll's ...
Registered in 0.002707 seconds.
Begin MonoManager ReloadAssembly
Native extension for WindowsStandalone target not found
Native extension for WebGL target not found
Refreshing native plugins compatible for Editor in 0.79 ms, found 1 plugins.
Preloading 0 native plugins for Editor in 0.00 ms.
Mono: successfully reloaded assembly
- Completed reload, in  1.962 seconds
Platform modules already initialized, skipping
Refreshing native plugins compatible for Editor in 0.88 ms, found 1 plugins.
Preloading 0 native plugins for Editor in 0.00 ms.
Unloading 1804 Unused Serialized files (Serialized files now loaded: 0)
System memory in use before: 88.1 MB.
System memory in use after: 88.1 MB.

Unloading 12 unused Assets to reduce memory usage. Loaded Objects now: 2303.
Total: 4.124920 ms (FindLiveObjects: 0.262828 ms CreateObjectMapping: 0.100401 ms MarkObjects: 3.450672 ms  DeleteObjects: 0.308789 ms)

========================================================================
Received Prepare
Registering precompiled user dll's ...
Registered in 0.002617 seconds.
Begin MonoManager ReloadAssembly
Native extension for WindowsStandalone target not found
Native extension for WebGL target not found
Refreshing native plugins compatible for Editor in 0.65 ms, found 1 plugins.
Preloading 0 native plugins for Editor in 0.00 ms.
Mono: successfully reloaded assembly
- Completed reload, in  1.717 seconds
Platform modules already initialized, skipping
Refreshing native plugins compatible for Editor in 0.71 ms, found 1 plugins.
Preloading 0 native plugins for Editor in 0.00 ms.
Unloading 1804 Unused Serialized files (Serialized files now loaded: 0)
System memory in use before: 88.1 MB.
System memory in use after: 88.1 MB.

Unloading 12 unused Assets to reduce memory usage. Loaded Objects now: 2307.
Total: 4.983907 ms (FindLiveObjects: 0.253903 ms CreateObjectMapping: 0.110664 ms MarkObjects: 4.335539 ms  DeleteObjects: 0.281569 ms)

========================================================================
Received Prepare
Registering precompiled user dll's ...
Registered in 0.002846 seconds.
Begin MonoManager ReloadAssembly
Native extension for WindowsStandalone target not found
Native extension for WebGL target not found
Refreshing native plugins compatible for Editor in 0.84 ms, found 1 plugins.
Preloading 0 native plugins for Editor in 0.00 ms.
Mono: successfully reloaded assembly
- Completed reload, in  1.684 seconds
Platform modules already initialized, skipping
Refreshing native plugins compatible for Editor in 0.69 ms, found 1 plugins.
Preloading 0 native plugins for Editor in 0.00 ms.
Unloading 1804 Unused Serialized files (Serialized files now loaded: 0)
System memory in use before: 88.1 MB.
System memory in use after: 88.1 MB.

Unloading 12 unused Assets to reduce memory usage. Loaded Objects now: 2311.
Total: 3.586325 ms (FindLiveObjects: 0.247210 ms CreateObjectMapping: 0.124051 ms MarkObjects: 2.987488 ms  DeleteObjects: 0.224452 ms)

========================================================================
Received Import Request.
  Time since last request: 945.989584 seconds.
  path: Assets/assets/player.png
  artifactKey: Guid(e772c88a8c4a0f44b8a91a37759912e2) Importer(815301076,1909f56bfc062723c751e8b465ee728b)
Start importing Assets/assets/player.png using Guid(e772c88a8c4a0f44b8a91a37759912e2) Importer(815301076,1909f56bfc062723c751e8b465ee728b)  -> (artifact id: '221b6cd632fb9c03e7fc0c0619f2a913') in 0.145304 seconds
  Import took 0.152289 seconds .

========================================================================
Received Import Request.
  Time since last request: 0.032888 seconds.
  path: Assets/assets/player.png
  artifactKey: Guid(e772c88a8c4a0f44b8a91a37759912e2) Importer(815301076,1909f56bfc062723c751e8b465ee728b)
Start importing Assets/assets/player.png using Guid(e772c88a8c4a0f44b8a91a37759912e2) Importer(815301076,1909f56bfc062723c751e8b465ee728b)  -> (artifact id: '221b6cd632fb9c03e7fc0c0619f2a913') in 0.027557 seconds
  Import took 0.035069 seconds .

========================================================================
Received Prepare
Registering precompiled user dll's ...
Registered in 0.003428 seconds.
Begin MonoManager ReloadAssembly
Native extension for WindowsStandalone target not found
Native extension for WebGL target not found
Refreshing native plugins compatible for Editor in 0.66 ms, found 1 plugins.
Preloading 0 native plugins for Editor in 0.00 ms.
Mono: successfully reloaded assembly
- Completed reload, in  2.313 seconds
Platform modules already initialized, skipping
Refreshing native plugins compatible for Editor in 5.58 ms, found 1 plugins.
Preloading 0 native plugins for Editor in 0.00 ms.
Unloading 1804 Unused Serialized files (Serialized files now loaded: 0)
System memory in use before: 88.1 MB.
System memory in use after: 88.1 MB.

Unloading 12 unused Assets to reduce memory usage. Loaded Objects now: 2318.
Total: 14.570197 ms (FindLiveObjects: 0.852293 ms CreateObjectMapping: 0.318160 ms MarkObjects: 8.140961 ms  DeleteObjects: 5.254766 ms)

========================================================================
Received Prepare
Registering precompiled user dll's ...
Registered in 0.003286 seconds.
Begin MonoManager ReloadAssembly
Native extension for WindowsStandalone target not found
Native extension for WebGL target not found
Refreshing native plugins compatible for Editor in 0.73 ms, found 1 plugins.
Preloading 0 native plugins for Editor in 0.00 ms.
Mono: successfully reloaded assembly
- Completed reload, in  1.940 seconds
Platform modules already initialized, skipping
Refreshing native plugins compatible for Editor in 0.93 ms, found 1 plugins.
Preloading 0 native plugins for Editor in 0.00 ms.
Unloading 1804 Unused Serialized files (Serialized files now loaded: 0)
System memory in use before: 88.1 MB.
System memory in use after: 88.1 MB.

Unloading 12 unused Assets to reduce memory usage. Loaded Objects now: 2322.
Total: 4.579179 ms (FindLiveObjects: 0.427039 ms CreateObjectMapping: 0.132976 ms MarkObjects: 3.808099 ms  DeleteObjects: 0.207942 ms)

========================================================================
Received Import Request.
  Time since last request: 214.974236 seconds.
  path: Assets/P
  artifactKey: Guid(ea3e8c621b69e2c4aa06c3ed700d2eef) Importer(815301076,1909f56bfc062723c751e8b465ee728b)
Start importing Assets/P using Guid(ea3e8c621b69e2c4aa06c3ed700d2eef) Importer(815301076,1909f56bfc062723c751e8b465ee728b)  -> (artifact id: '0730aefa7e68031061c6269f3d9ce95c') in 0.013058 seconds
  Import took 0.019370 seconds .

========================================================================
Received Import Request.
  Time since last request: 3.793013 seconds.
  path: Assets/Prefabs
  artifactKey: Guid(ea3e8c621b69e2c4aa06c3ed700d2eef) Importer(815301076,1909f56bfc062723c751e8b465ee728b)
Start importing Assets/Prefabs using Guid(ea3e8c621b69e2c4aa06c3ed700d2eef) Importer(815301076,1909f56bfc062723c751e8b465ee728b)  -> (artifact id: '36db6958b918180b19197eb0968da43f') in 0.008695 seconds
  Import took 0.017348 seconds .

========================================================================
Received Import Request.
  Time since last request: 3.025848 seconds.
  path: Assets/Prefabs/PlayerBullet.prefab
  artifactKey: Guid(68aaca329167643478d5081f237864cc) Importer(815301076,1909f56bfc062723c751e8b465ee728b)
Start importing Assets/Prefabs/PlayerBullet.prefab using Guid(68aaca329167643478d5081f237864cc) Importer(815301076,1909f56bfc062723c751e8b465ee728b)  -> (artifact id: '9fbfd0a4c49c0e3a61c92ed89f20c5e4') in 0.162475 seconds
  Import took 0.168562 seconds .

========================================================================
Received Import Request.
  Time since last request: 0.061303 seconds.
  path: Assets/Prefabs/PlayerBullet.prefab
  artifactKey: Guid(68aaca329167643478d5081f237864cc) Importer(815301076,1909f56bfc062723c751e8b465ee728b)
Start importing Assets/Prefabs/PlayerBullet.prefab using Guid(68aaca329167643478d5081f237864cc) Importer(815301076,1909f56bfc062723c751e8b465ee728b)  -> (artifact id: '9fbfd0a4c49c0e3a61c92ed89f20c5e4') in 0.025538 seconds
  Import took 0.032973 seconds .

========================================================================
Received Import Request.
  Time since last request: 0.988212 seconds.
  path: Assets/Prefabs/EnemyBullet.prefab
  artifactKey: Guid(b8301438e6227934c84de7bd33a8e3bc) Importer(815301076,1909f56bfc062723c751e8b465ee728b)
Start importing Assets/Prefabs/EnemyBullet.prefab using Guid(b8301438e6227934c84de7bd33a8e3bc) Importer(815301076,1909f56bfc062723c751e8b465ee728b)  -> (artifact id: '5203b35060175784c7fa5cddf055932f') in 0.030513 seconds
  Import took 0.036899 seconds .

========================================================================
Received Import Request.
  Time since last request: 0.027511 seconds.
  path: Assets/Prefabs/EnemyBullet.prefab
  artifactKey: Guid(b8301438e6227934c84de7bd33a8e3bc) Importer(815301076,1909f56bfc062723c751e8b465ee728b)
Start importing Assets/Prefabs/EnemyBullet.prefab using Guid(b8301438e6227934c84de7bd33a8e3bc) Importer(815301076,1909f56bfc062723c751e8b465ee728b)  -> (artifact id: '5203b35060175784c7fa5cddf055932f') in 0.027206 seconds
  Import took 0.034878 seconds .

========================================================================
Received Import Request.
  Time since last request: 11.507226 seconds.
  path: Assets/Prefabs/PlayerBullet.prefab
  artifactKey: Guid(68aaca329167643478d5081f237864cc) Importer(815301076,1909f56bfc062723c751e8b465ee728b)
Start importing Assets/Prefabs/PlayerBullet.prefab using Guid(68aaca329167643478d5081f237864cc) Importer(815301076,1909f56bfc062723c751e8b465ee728b)  -> (artifact id: '250c58680c037131a7ba2e525301eed5') in 0.036409 seconds
  Import took 0.046190 seconds .

========================================================================
Received Import Request.
  Time since last request: 0.015278 seconds.
  path: Assets/Prefabs/PlayerBullet.prefab
  artifactKey: Guid(68aaca329167643478d5081f237864cc) Importer(815301076,1909f56bfc062723c751e8b465ee728b)
Start importing Assets/Prefabs/PlayerBullet.prefab using Guid(68aaca329167643478d5081f237864cc) Importer(815301076,1909f56bfc062723c751e8b465ee728b)  -> (artifact id: '250c58680c037131a7ba2e525301eed5') in 0.028920 seconds
  Import took 0.037895 seconds .

========================================================================
Received Import Request.
  Time since last request: 9.590204 seconds.
  path: Assets/Prefabs/PlayerBullet.prefab
  artifactKey: Guid(68aaca329167643478d5081f237864cc) Importer(815301076,1909f56bfc062723c751e8b465ee728b)
Start importing Assets/Prefabs/PlayerBullet.prefab using Guid(68aaca329167643478d5081f237864cc) Importer(815301076,1909f56bfc062723c751e8b465ee728b)  -> (artifact id: 'd6ff82e34e4eaefdf1f547a6484241c4') in 0.029169 seconds
  Import took 0.038015 seconds .

========================================================================
Received Import Request.
  Time since last request: 63.792465 seconds.
  path: Assets/Prefabs/PlayerBullet.prefab
  artifactKey: Guid(68aaca329167643478d5081f237864cc) Importer(815301076,1909f56bfc062723c751e8b465ee728b)
Start importing Assets/Prefabs/PlayerBullet.prefab using Guid(68aaca329167643478d5081f237864cc) Importer(815301076,1909f56bfc062723c751e8b465ee728b)  -> (artifact id: '04bb1378a23ba30ce5afa8320843268e') in 0.030646 seconds
  Import took 0.039944 seconds .

========================================================================
Received Import Request.
  Time since last request: 12.993300 seconds.
  path: Assets/Prefabs/PlayerBullet.prefab
  artifactKey: Guid(68aaca329167643478d5081f237864cc) Importer(815301076,1909f56bfc062723c751e8b465ee728b)
Start importing Assets/Prefabs/PlayerBullet.prefab using Guid(68aaca329167643478d5081f237864cc) Importer(815301076,1909f56bfc062723c751e8b465ee728b)  -> (artifact id: '21bf43f27cdabf8cb820e6bc0b2f38b8') in 0.022135 seconds
  Import took 0.031189 seconds .

========================================================================
Received Import Request.
  Time since last request: 4.460755 seconds.
  path: Assets/Prefabs/PlayerBullet.prefab
  artifactKey: Guid(68aaca329167643478d5081f237864cc) Importer(815301076,1909f56bfc062723c751e8b465ee728b)
Start importing Assets/Prefabs/PlayerBullet.prefab using Guid(68aaca329167643478d5081f237864cc) Importer(815301076,1909f56bfc062723c751e8b465ee728b)  -> (artifact id: 'd971a076ee74c397c40dd9c491a7269b') in 0.027937 seconds
  Import took 0.037376 seconds .

========================================================================
Received Prepare
Registering precompiled user dll's ...
Registered in 0.002505 seconds.
Begin MonoManager ReloadAssembly
Native extension for WindowsStandalone target not found
Native extension for WebGL target not found
Refreshing native plugins compatible for Editor in 0.66 ms, found 1 plugins.
Preloading 0 native plugins for Editor in 0.00 ms.
Mono: successfully reloaded assembly
- Completed reload, in  2.235 seconds
Platform modules already initialized, skipping
Refreshing native plugins compatible for Editor in 0.73 ms, found 1 plugins.
Preloading 0 native plugins for Editor in 0.00 ms.
Unloading 1804 Unused Serialized files (Serialized files now loaded: 0)
System memory in use before: 88.2 MB.
System memory in use after: 88.2 MB.

Unloading 12 unused Assets to reduce memory usage. Loaded Objects now: 2331.
Total: 7.515798 ms (FindLiveObjects: 0.535918 ms CreateObjectMapping: 0.161088 ms MarkObjects: 6.531868 ms  DeleteObjects: 0.284246 ms)

========================================================================
Received Import Request.
  Time since last request: 330.323147 seconds.
  path: Assets/Prefabs/PlayerBullet.prefab
  artifactKey: Guid(68aaca329167643478d5081f237864cc) Importer(815301076,1909f56bfc062723c751e8b465ee728b)
Start importing Assets/Prefabs/PlayerBullet.prefab using Guid(68aaca329167643478d5081f237864cc) Importer(815301076,1909f56bfc062723c751e8b465ee728b)  -> (artifact id: '52bc3376046a4eaa767d2f5fd423eaa2') in 0.148823 seconds
  Import took 0.155124 seconds .

========================================================================
Received Import Request.
  Time since last request: 2.482621 seconds.
  path: Assets/Prefabs/PlayerBullet.prefab
  artifactKey: Guid(68aaca329167643478d5081f237864cc) Importer(815301076,1909f56bfc062723c751e8b465ee728b)
Start importing Assets/Prefabs/PlayerBullet.prefab using Guid(68aaca329167643478d5081f237864cc) Importer(815301076,1909f56bfc062723c751e8b465ee728b)  -> (artifact id: 'f24ff641460c5b9d2cdb1c7a57b03c3e') in 0.036699 seconds
  Import took 0.043277 seconds .

========================================================================
Received Import Request.
  Time since last request: 4.886086 seconds.
  path: Assets/Prefabs/PlayerBullet.prefab
  artifactKey: Guid(68aaca329167643478d5081f237864cc) Importer(815301076,1909f56bfc062723c751e8b465ee728b)
Start importing Assets/Prefabs/PlayerBullet.prefab using Guid(68aaca329167643478d5081f237864cc) Importer(815301076,1909f56bfc062723c751e8b465ee728b)  -> (artifact id: '5904fa6d94a34ce84f92cce3e5930fdf') in 0.039190 seconds
  Import took 0.046827 seconds .

========================================================================
Received Import Request.
  Time since last request: 10.058259 seconds.
  path: Assets/Prefabs/PlayerBullet.prefab
  artifactKey: Guid(68aaca329167643478d5081f237864cc) Importer(815301076,1909f56bfc062723c751e8b465ee728b)
Start importing Assets/Prefabs/PlayerBullet.prefab using Guid(68aaca329167643478d5081f237864cc) Importer(815301076,1909f56bfc062723c751e8b465ee728b)  -> (artifact id: 'a9f9d4d77873ae90c2a08a2fedbbdc5f') in 0.031161 seconds
  Import took 0.043247 seconds .

========================================================================
Received Import Request.
  Time since last request: 1.461614 seconds.
  path: Assets/Prefabs/PlayerBullet.prefab
  artifactKey: Guid(68aaca329167643478d5081f237864cc) Importer(815301076,1909f56bfc062723c751e8b465ee728b)
Start importing Assets/Prefabs/PlayerBullet.prefab using Guid(68aaca329167643478d5081f237864cc) Importer(815301076,1909f56bfc062723c751e8b465ee728b)  -> (artifact id: 'b0c323c5646c55ff85ebcc3bd9ecaf6a') in 0.032266 seconds
  Import took 0.041775 seconds .

========================================================================
Received Import Request.
  Time since last request: 1.761108 seconds.
  path: Assets/Prefabs/PlayerBullet.prefab
  artifactKey: Guid(68aaca329167643478d5081f237864cc) Importer(815301076,1909f56bfc062723c751e8b465ee728b)
Start importing Assets/Prefabs/PlayerBullet.prefab using Guid(68aaca329167643478d5081f237864cc) Importer(815301076,1909f56bfc062723c751e8b465ee728b)  -> (artifact id: 'eacd8b0904567c2bed87e9ca6b8b5ddd') in 0.034344 seconds
  Import took 0.041949 seconds .

========================================================================
Received Import Request.
  Time since last request: 1.587293 seconds.
  path: Assets/Prefabs/PlayerBullet.prefab
  artifactKey: Guid(68aaca329167643478d5081f237864cc) Importer(815301076,1909f56bfc062723c751e8b465ee728b)
Start importing Assets/Prefabs/PlayerBullet.prefab using Guid(68aaca329167643478d5081f237864cc) Importer(815301076,1909f56bfc062723c751e8b465ee728b)  -> (artifact id: '8cc185096441c8fe1f38e7ae92f840a6') in 0.029652 seconds
  Import took 0.036037 seconds .

========================================================================
Received Import Request.
  Time since last request: 3.921030 seconds.
  path: Assets/Prefabs/PlayerBullet.prefab
  artifactKey: Guid(68aaca329167643478d5081f237864cc) Importer(815301076,1909f56bfc062723c751e8b465ee728b)
Start importing Assets/Prefabs/PlayerBullet.prefab using Guid(68aaca329167643478d5081f237864cc) Importer(815301076,1909f56bfc062723c751e8b465ee728b)  -> (artifact id: '298818a989cd1999f849dfdacda43aba') in 0.026588 seconds
  Import took 0.036314 seconds .

========================================================================
Received Import Request.
  Time since last request: 2.195926 seconds.
  path: Assets/Prefabs/PlayerBullet.prefab
  artifactKey: Guid(68aaca329167643478d5081f237864cc) Importer(815301076,1909f56bfc062723c751e8b465ee728b)
Start importing Assets/Prefabs/PlayerBullet.prefab using Guid(68aaca329167643478d5081f237864cc) Importer(815301076,1909f56bfc062723c751e8b465ee728b)  -> (artifact id: '4620f070c97b589e863163e5a47a1168') in 0.029576 seconds
  Import took 0.036225 seconds .

========================================================================
Received Import Request.
  Time since last request: 84.256612 seconds.
  path: Assets/light.mat
  artifactKey: Guid(b07ed05ea9be40645bfa68972dbd402f) Importer(815301076,1909f56bfc062723c751e8b465ee728b)
Start importing Assets/light.mat using Guid(b07ed05ea9be40645bfa68972dbd402f) Importer(815301076,1909f56bfc062723c751e8b465ee728b)  -> (artifact id: 'df996babc3590e918804441020bc3920') in 0.113488 seconds
  Import took 0.120473 seconds .

========================================================================
Received Import Request.
  Time since last request: 75.229187 seconds.
  path: Assets/light.mat
  artifactKey: Guid(b07ed05ea9be40645bfa68972dbd402f) Importer(815301076,1909f56bfc062723c751e8b465ee728b)
Start importing Assets/light.mat using Guid(b07ed05ea9be40645bfa68972dbd402f) Importer(815301076,1909f56bfc062723c751e8b465ee728b)  -> (artifact id: 'ce889ff783665ad79d899a2b9140a4ff') in 0.051031 seconds
  Import took 0.060299 seconds .

========================================================================
Received Import Request.
  Time since last request: 208.324886 seconds.
  path: Assets/Prefabs/PlayerBullet.prefab
  artifactKey: Guid(68aaca329167643478d5081f237864cc) Importer(815301076,1909f56bfc062723c751e8b465ee728b)
Start importing Assets/Prefabs/PlayerBullet.prefab using Guid(68aaca329167643478d5081f237864cc) Importer(815301076,1909f56bfc062723c751e8b465ee728b)  -> (artifact id: '30908bac7d4360a76deb2833c697b559') in 0.026848 seconds
  Import took 0.033231 seconds .

========================================================================
Received Import Request.
  Time since last request: 34.039930 seconds.
  path: Assets/Prefabs/PlayerBullet.prefab
  artifactKey: Guid(68aaca329167643478d5081f237864cc) Importer(815301076,1909f56bfc062723c751e8b465ee728b)
Start importing Assets/Prefabs/PlayerBullet.prefab using Guid(68aaca329167643478d5081f237864cc) Importer(815301076,1909f56bfc062723c751e8b465ee728b)  -> (artifact id: 'a29bddb09fc91816e56afd9f1492762b') in 0.100680 seconds
  Import took 0.124319 seconds .

========================================================================
Received Import Request.
  Time since last request: 0.043178 seconds.
  path: Assets/Prefabs/PlayerBullet.prefab
  artifactKey: Guid(68aaca329167643478d5081f237864cc) Importer(815301076,1909f56bfc062723c751e8b465ee728b)
Start importing Assets/Prefabs/PlayerBullet.prefab using Guid(68aaca329167643478d5081f237864cc) Importer(815301076,1909f56bfc062723c751e8b465ee728b)  -> (artifact id: 'a29bddb09fc91816e56afd9f1492762b') in 0.037265 seconds
  Import took 0.044213 seconds .

========================================================================
Received Import Request.
  Time since last request: 6.563778 seconds.
  path: Assets/Prefabs/PlayerBullet.prefab
  artifactKey: Guid(68aaca329167643478d5081f237864cc) Importer(815301076,1909f56bfc062723c751e8b465ee728b)
Start importing Assets/Prefabs/PlayerBullet.prefab using Guid(68aaca329167643478d5081f237864cc) Importer(815301076,1909f56bfc062723c751e8b465ee728b)  -> (artifact id: '3746cb8c9c6b28d74014ee8962e0a33d') in 0.037683 seconds
  Import took 0.043185 seconds .

========================================================================
Received Import Request.
  Time since last request: 252.025097 seconds.
  path: Assets/Prefabs/PlayerBullet.prefab
  artifactKey: Guid(68aaca329167643478d5081f237864cc) Importer(815301076,1909f56bfc062723c751e8b465ee728b)
Start importing Assets/Prefabs/PlayerBullet.prefab using Guid(68aaca329167643478d5081f237864cc) Importer(815301076,1909f56bfc062723c751e8b465ee728b)  -> (artifact id: '5b75d1e7ef91b2d42835a213b7032ae9') in 0.050262 seconds
  Import took 0.066105 seconds .

========================================================================
Received Import Request.
  Time since last request: 197.988924 seconds.
  path: ProjectSettings/TagManager.asset
  artifactKey: Guid(00000000000000003000000000000000) Importer(815301076,1909f56bfc062723c751e8b465ee728b)
Start importing ProjectSettings/TagManager.asset using Guid(00000000000000003000000000000000) Importer(815301076,1909f56bfc062723c751e8b465ee728b)  -> (artifact id: '412dcb57b31f49cb50955ec4e4cd9f98') in 0.014156 seconds
  Import took 0.020302 seconds .

========================================================================
Received Import Request.
  Time since last request: 0.001083 seconds.
  path: ProjectSettings/TagManager.asset
  artifactKey: Guid(00000000000000003000000000000000) Importer(815301076,1909f56bfc062723c751e8b465ee728b)
Start importing ProjectSettings/TagManager.asset using Guid(00000000000000003000000000000000) Importer(815301076,1909f56bfc062723c751e8b465ee728b)  -> (artifact id: '412dcb57b31f49cb50955ec4e4cd9f98') in 0.008664 seconds
  Import took 0.014999 seconds .

========================================================================
Received Import Request.
  Time since last request: 9.736788 seconds.
  path: ProjectSettings/TagManager.asset
  artifactKey: Guid(00000000000000003000000000000000) Importer(815301076,1909f56bfc062723c751e8b465ee728b)
Start importing ProjectSettings/TagManager.asset using Guid(00000000000000003000000000000000) Importer(815301076,1909f56bfc062723c751e8b465ee728b)  -> (artifact id: 'd8138e1533f7d2c8db59adb2f7461b03') in 0.012493 seconds
  Import took 0.018485 seconds .

========================================================================
Received Import Request.
  Time since last request: 0.011275 seconds.
  path: ProjectSettings/TagManager.asset
  artifactKey: Guid(00000000000000003000000000000000) Importer(815301076,1909f56bfc062723c751e8b465ee728b)
Start importing ProjectSettings/TagManager.asset using Guid(00000000000000003000000000000000) Importer(815301076,1909f56bfc062723c751e8b465ee728b)  -> (artifact id: 'd8138e1533f7d2c8db59adb2f7461b03') in 0.007132 seconds
  Import took 0.013814 seconds .

========================================================================
Received Import Request.
  Time since last request: 30.784592 seconds.
  path: Assets/Prefabs/PlayerBullet.prefab
  artifactKey: Guid(68aaca329167643478d5081f237864cc) Importer(815301076,1909f56bfc062723c751e8b465ee728b)
Start importing Assets/Prefabs/PlayerBullet.prefab using Guid(68aaca329167643478d5081f237864cc) Importer(815301076,1909f56bfc062723c751e8b465ee728b)  -> (artifact id: '3ea95c0fe84206bea6b02802c95ef87b') in 0.048564 seconds
  Import took 0.054273 seconds .

========================================================================
Received Import Request.
  Time since last request: 18.508742 seconds.
  path: Assets/Prefabs/PlayerBullet.prefab
  artifactKey: Guid(68aaca329167643478d5081f237864cc) Importer(815301076,1909f56bfc062723c751e8b465ee728b)
Start importing Assets/Prefabs/PlayerBullet.prefab using Guid(68aaca329167643478d5081f237864cc) Importer(815301076,1909f56bfc062723c751e8b465ee728b)  -> (artifact id: '7234d611d7adbb7b69441675739f645f') in 0.025733 seconds
  Import took 0.031157 seconds .

========================================================================
Received Import Request.
  Time since last request: 3.414165 seconds.
  path: Assets/Prefabs/PlayerBullet.prefab
  artifactKey: Guid(68aaca329167643478d5081f237864cc) Importer(815301076,1909f56bfc062723c751e8b465ee728b)
Start importing Assets/Prefabs/PlayerBullet.prefab using Guid(68aaca329167643478d5081f237864cc) Importer(815301076,1909f56bfc062723c751e8b465ee728b)  -> (artifact id: '4557c039c4fcdb39b5c4e0f198e53872') in 0.026450 seconds
  Import took 0.033748 seconds .

========================================================================
Received Import Request.
  Time since last request: 0.824826 seconds.
  path: Assets/Prefabs/PlayerBullet.prefab
  artifactKey: Guid(68aaca329167643478d5081f237864cc) Importer(815301076,1909f56bfc062723c751e8b465ee728b)
Start importing Assets/Prefabs/PlayerBullet.prefab using Guid(68aaca329167643478d5081f237864cc) Importer(815301076,1909f56bfc062723c751e8b465ee728b)  -> (artifact id: '8c51ec0d124eef20fdf7a7528f6ba1c0') in 0.037103 seconds
  Import took 0.043249 seconds .

========================================================================
Received Import Request.
  Time since last request: 2.476042 seconds.
  path: Assets/Prefabs/PlayerBullet.prefab
  artifactKey: Guid(68aaca329167643478d5081f237864cc) Importer(815301076,1909f56bfc062723c751e8b465ee728b)
Start importing Assets/Prefabs/PlayerBullet.prefab using Guid(68aaca329167643478d5081f237864cc) Importer(815301076,1909f56bfc062723c751e8b465ee728b)  -> (artifact id: '0930e590edc4d99832335f2ba08fb3c9') in 0.032179 seconds
  Import took 0.037483 seconds .

========================================================================
Received Import Request.
  Time since last request: 43.572109 seconds.
  path: Assets/Animations
  artifactKey: Guid(f17295483e58c6c4490eec4d40e24ec5) Importer(815301076,1909f56bfc062723c751e8b465ee728b)
Start importing Assets/Animations using Guid(f17295483e58c6c4490eec4d40e24ec5) Importer(815301076,1909f56bfc062723c751e8b465ee728b)  -> (artifact id: 'c74da0a8eb6a7ffa9db5693e37f22502') in 0.004593 seconds
  Import took 0.011121 seconds .

========================================================================
Received Import Request.
  Time since last request: 47.543893 seconds.
  path: Assets/Prefabs/PlayerBullet.prefab
  artifactKey: Guid(68aaca329167643478d5081f237864cc) Importer(815301076,1909f56bfc062723c751e8b465ee728b)
Start importing Assets/Prefabs/PlayerBullet.prefab using Guid(68aaca329167643478d5081f237864cc) Importer(815301076,1909f56bfc062723c751e8b465ee728b)  -> (artifact id: 'ec8e4571844ad85b65ca8c12a9c83dc3') in 0.026183 seconds
  Import took 0.032421 seconds .

========================================================================
Received Import Request.
  Time since last request: 3.672068 seconds.
  path: Assets/Prefabs/PlayerBullet.prefab
  artifactKey: Guid(68aaca329167643478d5081f237864cc) Importer(815301076,1909f56bfc062723c751e8b465ee728b)
Start importing Assets/Prefabs/PlayerBullet.prefab using Guid(68aaca329167643478d5081f237864cc) Importer(815301076,1909f56bfc062723c751e8b465ee728b)  -> (artifact id: 'ecdd3633ce54b8a6eee7bb47a37c9fff') in 0.028534 seconds
  Import took 0.037071 seconds .

========================================================================
Received Import Request.
  Time since last request: 3.408458 seconds.
  path: Assets/Prefabs/PlayerBullet.prefab
  artifactKey: Guid(68aaca329167643478d5081f237864cc) Importer(815301076,1909f56bfc062723c751e8b465ee728b)
Start importing Assets/Prefabs/PlayerBullet.prefab using Guid(68aaca329167643478d5081f237864cc) Importer(815301076,1909f56bfc062723c751e8b465ee728b)  -> (artifact id: 'b8bef6260cd17bfba8c12363a8878e4c') in 0.024887 seconds
  Import took 0.032462 seconds .

========================================================================
Received Import Request.
  Time since last request: 21.948572 seconds.
  path: Assets/Prefabs/PlayerBullet.prefab
  artifactKey: Guid(68aaca329167643478d5081f237864cc) Importer(815301076,1909f56bfc062723c751e8b465ee728b)
Start importing Assets/Prefabs/PlayerBullet.prefab using Guid(68aaca329167643478d5081f237864cc) Importer(815301076,1909f56bfc062723c751e8b465ee728b)  -> (artifact id: 'e94711b248fd635b7a1681e90f82851f') in 0.025018 seconds
  Import took 0.031594 seconds .

========================================================================
Received Import Request.
  Time since last request: 108.242161 seconds.
  path: Assets/assets/PlayerBullet.PNG
  artifactKey: Guid(9998cee75e73dfb4282f1a516c58d402) Importer(815301076,1909f56bfc062723c751e8b465ee728b)
Start importing Assets/assets/PlayerBullet.PNG using Guid(9998cee75e73dfb4282f1a516c58d402) Importer(815301076,1909f56bfc062723c751e8b465ee728b)  -> (artifact id: 'af99da870f1d15484ec19c0efa098a07') in 0.065522 seconds
  Import took 0.075980 seconds .

========================================================================
Received Import Request.
  Time since last request: 0.012241 seconds.
  path: Assets/assets/PlayerBullet.PNG
  artifactKey: Guid(9998cee75e73dfb4282f1a516c58d402) Importer(815301076,1909f56bfc062723c751e8b465ee728b)
Start importing Assets/assets/PlayerBullet.PNG using Guid(9998cee75e73dfb4282f1a516c58d402) Importer(815301076,1909f56bfc062723c751e8b465ee728b)  -> (artifact id: 'af99da870f1d15484ec19c0efa098a07') in 0.022019 seconds
  Import took 0.031836 seconds .

========================================================================
Received Import Request.
  Time since last request: 80.505934 seconds.
  path: Assets/assets/boss.PNG
  artifactKey: Guid(6c8006a350b96304897b3e594ef352e5) Importer(815301076,1909f56bfc062723c751e8b465ee728b)
Start importing Assets/assets/boss.PNG using Guid(6c8006a350b96304897b3e594ef352e5) Importer(815301076,1909f56bfc062723c751e8b465ee728b)  -> (artifact id: 'a9f5f64bad261b461ebbdb265fa2a0ef') in 0.026142 seconds
  Import took 0.032116 seconds .

========================================================================
Received Prepare
Registering precompiled user dll's ...
Registered in 0.002718 seconds.
Begin MonoManager ReloadAssembly
Native extension for WindowsStandalone target not found
Native extension for WebGL target not found
Refreshing native plugins compatible for Editor in 0.89 ms, found 1 plugins.
Preloading 0 native plugins for Editor in 0.00 ms.
Mono: successfully reloaded assembly
- Completed reload, in  1.985 seconds
Platform modules already initialized, skipping
Refreshing native plugins compatible for Editor in 0.74 ms, found 1 plugins.
Preloading 0 native plugins for Editor in 0.00 ms.
Unloading 1804 Unused Serialized files (Serialized files now loaded: 0)
System memory in use before: 89.4 MB.
System memory in use after: 89.4 MB.

Unloading 16 unused Assets to reduce memory usage. Loaded Objects now: 2383.
Total: 4.297164 ms (FindLiveObjects: 0.484602 ms CreateObjectMapping: 0.188308 ms MarkObjects: 3.410957 ms  DeleteObjects: 0.210173 ms)

========================================================================
Received Import Request.
  Time since last request: 218.095666 seconds.
  path: Assets/Prefabs/block.prefab
  artifactKey: Guid(c1a73b9f2ca118c42b9d1c46bf78243a) Importer(815301076,1909f56bfc062723c751e8b465ee728b)
Start importing Assets/Prefabs/block.prefab using Guid(c1a73b9f2ca118c42b9d1c46bf78243a) Importer(815301076,1909f56bfc062723c751e8b465ee728b)  -> (artifact id: '69f0787415abedef24f7cc7f18312514') in 0.156043 seconds
  Import took 0.164182 seconds .

========================================================================
Received Import Request.
  Time since last request: 0.010215 seconds.
  path: Assets/Prefabs/block.prefab
  artifactKey: Guid(c1a73b9f2ca118c42b9d1c46bf78243a) Importer(815301076,1909f56bfc062723c751e8b465ee728b)
Start importing Assets/Prefabs/block.prefab using Guid(c1a73b9f2ca118c42b9d1c46bf78243a) Importer(815301076,1909f56bfc062723c751e8b465ee728b)  -> (artifact id: '69f0787415abedef24f7cc7f18312514') in 0.024961 seconds
  Import took 0.032962 seconds .

========================================================================
Received Import Request.
  Time since last request: 2.325316 seconds.
  path: Assets/Prefabs/boss.prefab
  artifactKey: Guid(a2eb6e9dc7d6ee143ae61d37e449073a) Importer(815301076,1909f56bfc062723c751e8b465ee728b)
Start importing Assets/Prefabs/boss.prefab using Guid(a2eb6e9dc7d6ee143ae61d37e449073a) Importer(815301076,1909f56bfc062723c751e8b465ee728b)  -> (artifact id: '3a0194fba8c10d8a3f3f58c37fce3b6f') in 0.021729 seconds
  Import took 0.030534 seconds .

========================================================================
Received Import Request.
  Time since last request: 0.033607 seconds.
  path: Assets/Prefabs/boss.prefab
  artifactKey: Guid(a2eb6e9dc7d6ee143ae61d37e449073a) Importer(815301076,1909f56bfc062723c751e8b465ee728b)
Start importing Assets/Prefabs/boss.prefab using Guid(a2eb6e9dc7d6ee143ae61d37e449073a) Importer(815301076,1909f56bfc062723c751e8b465ee728b)  -> (artifact id: '3a0194fba8c10d8a3f3f58c37fce3b6f') in 0.026607 seconds
  Import took 0.033272 seconds .

========================================================================
Received Import Request.
  Time since last request: 1.742469 seconds.
  path: Assets/Prefabs/player.prefab
  artifactKey: Guid(6d1539f972941204c828f9873a0d03fd) Importer(815301076,1909f56bfc062723c751e8b465ee728b)
Start importing Assets/Prefabs/player.prefab using Guid(6d1539f972941204c828f9873a0d03fd) Importer(815301076,1909f56bfc062723c751e8b465ee728b)  -> (artifact id: '50a446eb724f3a92b640a5c1c587e05c') in 0.021194 seconds
  Import took 0.027800 seconds .

========================================================================
Received Import Request.
  Time since last request: 0.055681 seconds.
  path: Assets/Prefabs/player.prefab
  artifactKey: Guid(6d1539f972941204c828f9873a0d03fd) Importer(815301076,1909f56bfc062723c751e8b465ee728b)
Start importing Assets/Prefabs/player.prefab using Guid(6d1539f972941204c828f9873a0d03fd) Importer(815301076,1909f56bfc062723c751e8b465ee728b)  -> (artifact id: '50a446eb724f3a92b640a5c1c587e05c') in 0.025194 seconds
  Import took 0.031862 seconds .

AssetImportWorkerClient::OnTransportError - code=2 error=End of file
